0 info it worked if it ends with ok
1 verbose cli [ 'node', '/usr/local/bin/npm', 'run', 'build' ]
2 info using npm@1.4.13
3 info using node@v0.10.28
4 verbose node symlink /usr/local/bin/node
5 verbose run-script [ 'prebuild', 'build', 'postbuild' ]
6 info prebuild podcast-war@0.1.0
7 info build podcast-war@0.1.0
8 verbose unsafe-perm in lifecycle true
9 info podcast-war@0.1.0 Failed to exec build script
10 error podcast-war@0.1.0 build: `npm run lint && npm run build-js && npm run build-less`
10 error Exit status 1
11 error Failed at the podcast-war@0.1.0 build script.
11 error This is most likely a problem with the podcast-war package,
11 error not with npm itself.
11 error Tell the author that this fails on your system:
11 error     npm run lint && npm run build-js && npm run build-less
11 error You can get their info via:
11 error     npm owner ls podcast-war
11 error There is likely additional logging output above.
12 error System Darwin 14.1.0
13 error command "node" "/usr/local/bin/npm" "run" "build"
14 error cwd /Users/mattstauffer/Sites/podcast-war
15 error node -v v0.10.28
16 error npm -v 1.4.13
17 error code ELIFECYCLE
18 verbose exit [ 1, true ]
